Using JHipster version installed globally
Running default command
Executing jhipster:app
Options: 


        ██╗ ██╗   ██╗ ████████╗ ███████╗   ██████╗ ████████╗ ████████╗ ███████╗
        ██║ ██║   ██║ ╚══██╔══╝ ██╔═══██╗ ██╔════╝ ╚══██╔══╝ ██╔═════╝ ██╔═══██╗
        ██║ ████████║    ██║    ███████╔╝ ╚█████╗     ██║    ██████╗   ███████╔╝
  ██╗   ██║ ██╔═══██║    ██║    ██╔════╝   ╚═══██╗    ██║    ██╔═══╝   ██╔══██║
  ╚██████╔╝ ██║   ██║ ████████╗ ██║       ██████╔╝    ██║    ████████╗ ██║  ╚██╗
   ╚═════╝  ╚═╝   ╚═╝ ╚═══════╝ ╚═╝       ╚═════╝     ╚═╝    ╚═══════╝ ╚═╝   ╚═╝

                            http://www.jhipster.tech

Welcome to the JHipster Generator v4.8.2
Documentation for creating an application: http://www.jhipster.tech/creating-an-app/
Application files will be generated in folder: /home/vagrant/git/Master-Internship/FML-brute/jhipsters/jhipster20
 ______________________________________________________________________________

  JHipster update available: 4.10.2 (current: 4.8.2)

  Run yarn global upgrade generator-jhipster to update.

 ______________________________________________________________________________

This is an existing project, using the configuration from your .yo-rc.json file 
to re-generate the project...


Installing languages: en, fr
events.js:183
      throw er; // Unhandled 'error' event
      ^

Error: ERROR! Copying template angularjs/src/main/webapp/app/admin/audits/_audits.service.js failed. [TypeError: /usr/local/share/.config/yarn/global/node_modules/generator-jhipster/generators/client/templates/angularjs/src/main/webapp/app/admin/audits/_audits.service.js:29
    27| 
    28|     function AuditsService ($resource) {
 >> 29|         var service = $resource(<% if(authenticationType === 'uaa') { %>'<%= uaaBaseName.toLowerCase() %>/api/audits/:id'<%} else { %>'management/audits/:id'<% } %>, {}, {
    30|             'get': {
    31|                 method: 'GET',
    32|                 isArray: true

Cannot read property 'toLowerCase' of undefined]
    at Environment.error (/usr/local/share/.config/yarn/global/node_modules/yeoman-environment/lib/environment.js:140:40)
    at constructor.error (/usr/local/share/.config/yarn/global/node_modules/generator-jhipster/generators/generator-base.js:1686:18)
    at ejs.renderFile (/usr/local/share/.config/yarn/global/node_modules/generator-jhipster/generators/utils.js:137:23)
    at tryHandleCache (/usr/local/share/.config/yarn/global/node_modules/ejs/lib/ejs.js:226:12)
    at Object.exports.renderFile (/usr/local/share/.config/yarn/global/node_modules/ejs/lib/ejs.js:437:10)
    at Object.renderContent (/usr/local/share/.config/yarn/global/node_modules/generator-jhipster/generators/utils.js:133:9)
    at constructor.template (/usr/local/share/.config/yarn/global/node_modules/generator-jhipster/generators/generator-base-private.js:398:23)
    at blockTemplate.templates.forEach (/usr/local/share/.config/yarn/global/node_modules/generator-jhipster/generators/generator-base.js:1995:42)
    at Array.forEach (<anonymous>)
    at constructor.writeFilesToDisk (/usr/local/share/.config/yarn/global/node_modules/generator-jhipster/generators/generator-base.js:1972:45)
