#
# There is insufficient memory for the Java Runtime Environment to continue.
# Native memory allocation (mmap) failed to map 128974848 bytes for committing reserved memory.
# Possible reasons:
#   The system is out of physical RAM or swap space
#   In 32 bit mode, the process size limit was hit
# Possible solutions:
#   Reduce memory load on the system
#   Increase physical memory or swap space
#   Check if swap backing store is full
#   Use 64 bit Java on a 64 bit OS
#   Decrease Java heap size (-Xmx/-Xms)
#   Decrease number of Java threads
#   Decrease Java thread stack sizes (-Xss)
#   Set larger code cache with -XX:ReservedCodeCacheSize=
# This output file may be truncated or incomplete.
#
#  Out of Memory Error (os_linux.cpp:2643), pid=5369, tid=0x00007f819f9f9700
#
# JRE version: OpenJDK Runtime Environment (8.0_131-b11) (build 1.8.0_131-8u131-b11-2ubuntu1.16.04.3-b11)
# Java VM: OpenJDK 64-Bit Server VM (25.131-b11 mixed mode linux-amd64 compressed oops)
# Failed to write core dump. Core dumps have been disabled. To enable core dumping, try "ulimit -c unlimited" before starting Java again
#

---------------  T H R E A D  ---------------

Current thread (0x00007f81b807b000):  VMThread [stack: 0x00007f819f8f9000,0x00007f819f9fa000] [id=5380]

Stack: [0x00007f819f8f9000,0x00007f819f9fa000],  sp=0x00007f819f9f84c0,  free space=1021k
Native frames: (J=compiled Java code, j=interpreted, Vv=VM code, C=native code)
V  [libjvm.so+0xa6a1bb]
V  [libjvm.so+0x4c5a6c]
V  [libjvm.so+0x8b85a0]
V  [libjvm.so+0x8b2a1e]
V  [libjvm.so+0x92d556]
V  [libjvm.so+0x92e883]
V  [libjvm.so+0x92af33]
V  [libjvm.so+0x92b1fc]
V  [libjvm.so+0x8dd093]
V  [libjvm.so+0xa6be72]
V  [libjvm.so+0xa70f57]
V  [libjvm.so+0xa6e727]
V  [libjvm.so+0xa6fbaf]
V  [libjvm.so+0xa700a1]
V  [libjvm.so+0x8b5a82]

VM_Operation (0x00007f81be5f2c70): ParallelGCFailedAllocation, mode: safepoint, requested by thread 0x00007f81b800e000


---------------  P R O C E S S  ---------------

Java Threads: ( => current thread )
  0x00007f81b86f1000 JavaThread "com.google.inject.internal.util.$Finalizer" daemon [_thread_blocked, id=5390, stack(0x00007f819e4b8000,0x00007f819e5b9000)]
  0x00007f81b85f0800 JavaThread "EMF Reference Cleaner" daemon [_thread_blocked, id=5389, stack(0x00007f819e7b9000,0x00007f819e8ba000)]
  0x00007f81b80c5800 JavaThread "Service Thread" daemon [_thread_blocked, id=5387, stack(0x00007f819ef15000,0x00007f819f016000)]
  0x00007f81b80b6000 JavaThread "C1 CompilerThread2" daemon [_thread_blocked, id=5386, stack(0x00007f819f016000,0x00007f819f117000)]
  0x00007f81b80b4000 JavaThread "C2 CompilerThread1" daemon [_thread_blocked, id=5385, stack(0x00007f819f117000,0x00007f819f218000)]
  0x00007f81b80b1000 JavaThread "C2 CompilerThread0" daemon [_thread_blocked, id=5384, stack(0x00007f819f218000,0x00007f819f319000)]
  0x00007f81b80af000 JavaThread "Signal Dispatcher" daemon [_thread_blocked, id=5383, stack(0x00007f819f319000,0x00007f819f41a000)]
  0x00007f81b8087800 JavaThread "Finalizer" daemon [_thread_blocked, id=5382, stack(0x00007f819f6f7000,0x00007f819f7f8000)]
  0x00007f81b8083000 JavaThread "Reference Handler" daemon [_thread_blocked, id=5381, stack(0x00007f819f7f8000,0x00007f819f8f9000)]
  0x00007f81b800e000 JavaThread "main" [_thread_blocked, id=5375, stack(0x00007f81be4fa000,0x00007f81be5fb000)]

Other Threads:
=>0x00007f81b807b000 VMThread [stack: 0x00007f819f8f9000,0x00007f819f9fa000] [id=5380]
  0x00007f81b80c8000 WatcherThread [stack: 0x00007f819ee14000,0x00007f819ef15000] [id=5388]

VM state:at safepoint (normal execution)

VM Mutex/Monitor currently owned by a thread:  ([mutex/lock_event])
[0x00007f81b800a180] Threads_lock - owner thread: 0x00007f81b807b000
[0x00007f81b800a680] Heap_lock - owner thread: 0x00007f81b800e000

Heap:
 PSYoungGen      total 66048K, used 2544K [0x00000000ebf80000, 0x00000000f0280000, 0x0000000100000000)
  eden space 63488K, 0% used [0x00000000ebf80000,0x00000000ebf80000,0x00000000efd80000)
  from space 2560K, 99% used [0x00000000efd80000,0x00000000efffc020,0x00000000f0000000)
  to   space 2560K, 0% used [0x00000000f0000000,0x00000000f0000000,0x00000000f0280000)
 ParOldGen       total 81920K, used 49415K [0x00000000c3e00000, 0x00000000c8e00000, 0x00000000ebf80000)
  object space 81920K, 60% used [0x00000000c3e00000,0x00000000c6e41d08,0x00000000c8e00000)
 Metaspace       used 18827K, capacity 19008K, committed 19328K, reserved 1067008K
  class space    used 2369K, capacity 2428K, committed 2432K, reserved 1048576K

Card table byte_map: [0x00007f81a79cd000,0x00007f81a7baf000] byte_map_base: 0x00007f81a73ae000

Marking Bits: (ParMarkBitMap*) 0x00007f81bd7cd2c0
 Begin Bits: [0x00007f81a5678000, 0x00007f81a6580000)
 End Bits:   [0x00007f81a6580000, 0x00007f81a7488000)

Polling page: 0x00007f81be620000

CodeCache: size=245760Kb used=6223Kb max_used=6223Kb free=239536Kb
 bounds [0x00007f81a7f6f000, 0x00007f81a859f000, 0x00007f81b6f6f000]
 total_blobs=2148 nmethods=1787 adapters=272
 compilation: enabled

Compilation events (10 events):
Event: 6,904 Thread 0x00007f81b80b6000 1783       3       org.eclipse.xtext.EcoreUtil2$1::hasNext (28 bytes)
Event: 6,905 Thread 0x00007f81b80b1000 1787       4       org.eclipse.emf.ecore.impl.MinimalEObjectImpl::eContents (5 bytes)
Event: 6,905 Thread 0x00007f81b80b6000 nmethod 1783 0x00007f81a85685d0 code [0x00007f81a8568740, 0x00007f81a85689e8]
Event: 6,905 Thread 0x00007f81b80b6000 1784       3       org.eclipse.xtext.EcoreUtil2$1::next (5 bytes)
Event: 6,905 Thread 0x00007f81b80b6000 nmethod 1784 0x00007f81a8567010 code [0x00007f81a8567180, 0x00007f81a8567308]
Event: 6,905 Thread 0x00007f81b80b6000 1785       3       org.eclipse.xtext.EcoreUtil2$1::next (54 bytes)
Event: 6,905 Thread 0x00007f81b80b6000 nmethod 1785 0x00007f81a8566890 code [0x00007f81a8566a20, 0x00007f81a8566ed8]
Event: 7,108 Thread 0x00007f81b80b4000 nmethod 1762 0x00007f81a85754d0 code [0x00007f81a8575f20, 0x00007f81a857d428]
Event: 7,108 Thread 0x00007f81b80b4000 1788       4       org.eclipse.emf.ecore.impl.BasicEObjectImpl::eGet (8 bytes)
Event: 7,109 Thread 0x00007f81b80b4000 nmethod 1788 0x00007f81a8566550 code [0x00007f81a85666a0, 0x00007f81a8566758]

GC Heap History (9 events):
Event: 2,386 GC heap before
{Heap before GC invocations=1 (full 0):
 PSYoungGen      total 18432K, used 15872K [0x00000000ebf80000, 0x00000000ed400000, 0x0000000100000000)
  eden space 15872K, 100% used [0x00000000ebf80000,0x00000000ecf00000,0x00000000ecf00000)
  from space 2560K, 0% used [0x00000000ed180000,0x00000000ed180000,0x00000000ed400000)
  to   space 2560K, 0% used [0x00000000ecf00000,0x00000000ecf00000,0x00000000ed180000)
 ParOldGen       total 42496K, used 0K [0x00000000c3e00000, 0x00000000c6780000, 0x00000000ebf80000)
  object space 42496K, 0% used [0x00000000c3e00000,0x00000000c3e00000,0x00000000c6780000)
 Metaspace       used 6142K, capacity 6432K, committed 6656K, reserved 1056768K
  class space    used 715K, capacity 724K, committed 768K, reserved 1048576K
Event: 2,419 GC heap after
Heap after GC invocations=1 (full 0):
 PSYoungGen      total 18432K, used 2533K [0x00000000ebf80000, 0x00000000ee380000, 0x0000000100000000)
  eden space 15872K, 0% used [0x00000000ebf80000,0x00000000ebf80000,0x00000000ecf00000)
  from space 2560K, 98% used [0x00000000ecf00000,0x00000000ed179550,0x00000000ed180000)
  to   space 2560K, 0% used [0x00000000ee100000,0x00000000ee100000,0x00000000ee380000)
 ParOldGen       total 42496K, used 460K [0x00000000c3e00000, 0x00000000c6780000, 0x00000000ebf80000)
  object space 42496K, 1% used [0x00000000c3e00000,0x00000000c3e73318,0x00000000c6780000)
 Metaspace       used 6142K, capacity 6432K, committed 6656K, reserved 1056768K
  class space    used 715K, capacity 724K, committed 768K, reserved 1048576K
}
Event: 3,227 GC heap before
{Heap before GC invocations=2 (full 0):
 PSYoungGen      total 18432K, used 18405K [0x00000000ebf80000, 0x00000000ee380000, 0x0000000100000000)
  eden space 15872K, 100% used [0x00000000ebf80000,0x00000000ecf00000,0x00000000ecf00000)
  from space 2560K, 98% used [0x00000000ecf00000,0x00000000ed179550,0x00000000ed180000)
  to   space 2560K, 0% used [0x00000000ee100000,0x00000000ee100000,0x00000000ee380000)
 ParOldGen       total 42496K, used 460K [0x00000000c3e00000, 0x00000000c6780000, 0x00000000ebf80000)
  object space 42496K, 1% used [0x00000000c3e00000,0x00000000c3e73318,0x00000000c6780000)
 Metaspace       used 9559K, capacity 9680K, committed 9728K, reserved 1058816K
  class space    used 1220K, capacity 1268K, committed 1280K, reserved 1048576K
Event: 3,233 GC heap after
Heap after GC invocations=2 (full 0):
 PSYoungGen      total 34304K, used 2556K [0x00000000ebf80000, 0x00000000ee380000, 0x0000000100000000)
  eden space 31744K, 0% used [0x00000000ebf80000,0x00000000ebf80000,0x00000000ede80000)
  from space 2560K, 99% used [0x00000000ee100000,0x00000000ee37f358,0x00000000ee380000)
  to   space 2560K, 0% used [0x00000000ede80000,0x00000000ede80000,0x00000000ee100000)
 ParOldGen       total 42496K, used 1858K [0x00000000c3e00000, 0x00000000c6780000, 0x00000000ebf80000)
  object space 42496K, 4% used [0x00000000c3e00000,0x00000000c3fd0988,0x00000000c6780000)
 Metaspace       used 9559K, capacity 9680K, committed 9728K, reserved 1058816K
  class space    used 1220K, capacity 1268K, committed 1280K, reserved 1048576K
}
Event: 4,143 GC heap before
{Heap before GC invocations=3 (full 0):
 PSYoungGen      total 34304K, used 34300K [0x00000000ebf80000, 0x00000000ee380000, 0x0000000100000000)
  eden space 31744K, 100% used [0x00000000ebf80000,0x00000000ede80000,0x00000000ede80000)
  from space 2560K, 99% used [0x00000000ee100000,0x00000000ee37f358,0x00000000ee380000)
  to   space 2560K, 0% used [0x00000000ede80000,0x00000000ede80000,0x00000000ee100000)
 ParOldGen       total 42496K, used 1858K [0x00000000c3e00000, 0x00000000c6780000, 0x00000000ebf80000)
  object space 42496K, 4% used [0x00000000c3e00000,0x00000000c3fd0988,0x00000000c6780000)
 Metaspace       used 12496K, capacity 12686K, committed 12928K, reserved 1060864K
  class space    used 1602K, capacity 1625K, committed 1664K, reserved 1048576K
Event: 4,169 GC heap after
Heap after GC invocations=3 (full 0):
 PSYoungGen      total 34304K, used 2544K [0x00000000ebf80000, 0x00000000f0280000, 0x0000000100000000)
  eden space 31744K, 0% used [0x00000000ebf80000,0x00000000ebf80000,0x00000000ede80000)
  from space 2560K, 99% used [0x00000000ede80000,0x00000000ee0fc0c0,0x00000000ee100000)
  to   space 2560K, 0% used [0x00000000f0000000,0x00000000f0000000,0x00000000f0280000)
 ParOldGen       total 42496K, used 4275K [0x00000000c3e00000, 0x00000000c6780000, 0x00000000ebf80000)
  object space 42496K, 10% used [0x00000000c3e00000,0x00000000c422ce00,0x00000000c6780000)
 Metaspace       used 12496K, capacity 12686K, committed 12928K, reserved 1060864K
  class space    used 1602K, capacity 1625K, committed 1664K, reserved 1048576K
}
Event: 4,905 GC heap before
{Heap before GC invocations=4 (full 0):
 PSYoungGen      total 34304K, used 34288K [0x00000000ebf80000, 0x00000000f0280000, 0x0000000100000000)
  eden space 31744K, 100% used [0x00000000ebf80000,0x00000000ede80000,0x00000000ede80000)
  from space 2560K, 99% used [0x00000000ede80000,0x00000000ee0fc0c0,0x00000000ee100000)
  to   space 2560K, 0% used [0x00000000f0000000,0x00000000f0000000,0x00000000f0280000)
 ParOldGen       total 42496K, used 4275K [0x00000000c3e00000, 0x00000000c6780000, 0x00000000ebf80000)
  object space 42496K, 10% used [0x00000000c3e00000,0x00000000c422ce00,0x00000000c6780000)
 Metaspace       used 15486K, capacity 15648K, committed 15872K, reserved 1062912K
  class space    used 1967K, capacity 2012K, committed 2048K, reserved 1048576K
Event: 4,920 GC heap after
Heap after GC invocations=4 (full 0):
 PSYoungGen      total 66048K, used 2543K [0x00000000ebf80000, 0x00000000f0280000, 0x0000000100000000)
  eden space 63488K, 0% used [0x00000000ebf80000,0x00000000ebf80000,0x00000000efd80000)
  from space 2560K, 99% used [0x00000000f0000000,0x00000000f027bde8,0x00000000f0280000)
  to   space 2560K, 0% used [0x00000000efd80000,0x00000000efd80000,0x00000000f0000000)
 ParOldGen       total 42496K, used 7203K [0x00000000c3e00000, 0x00000000c6780000, 0x00000000ebf80000)
  object space 42496K, 16% used [0x00000000c3e00000,0x00000000c4508e20,0x00000000c6780000)
 Metaspace       used 15486K, capacity 15648K, committed 15872K, reserved 1062912K
  class space    used 1967K, capacity 2012K, committed 2048K, reserved 1048576K
}
Event: 7,474 GC heap before
{Heap before GC invocations=5 (full 0):
 PSYoungGen      total 66048K, used 66031K [0x00000000ebf80000, 0x00000000f0280000, 0x0000000100000000)
  eden space 63488K, 100% used [0x00000000ebf80000,0x00000000efd80000,0x00000000efd80000)
  from space 2560K, 99% used [0x00000000f0000000,0x00000000f027bde8,0x00000000f0280000)
  to   space 2560K, 0% used [0x00000000efd80000,0x00000000efd80000,0x00000000f0000000)
 ParOldGen       total 42496K, used 7203K [0x00000000c3e00000, 0x00000000c6780000, 0x00000000ebf80000)
  object space 42496K, 16% used [0x00000000c3e00000,0x00000000c4508e20,0x00000000c6780000)
 Metaspace       used 18827K, capacity 19008K, committed 19328K, reserved 1067008K
  class space    used 2369K, capacity 2428K, committed 2432K, reserved 1048576K

Deoptimization events (10 events):
Event: 6,012 Thread 0x00007f81b800e000 Uncommon trap: reason=class_check action=maybe_recompile pc=0x00007f81a846da70 method=org.eclipse.emf.common.notify.impl.BasicNotifierImpl.eNotificationRequired()Z @ 8
Event: 6,012 Thread 0x00007f81b800e000 Uncommon trap: reason=class_check action=maybe_recompile pc=0x00007f81a84f7c50 method=org.eclipse.emf.ecore.impl.MinimalEObjectImpl.eDirectResource()Lorg/eclipse/emf/ecore/resource/Resource$Internal; @ 7
Event: 6,107 Thread 0x00007f81b800e000 Uncommon trap: reason=bimorphic action=maybe_recompile pc=0x00007f81a853b9a8 method=org.eclipse.emf.ecore.util.EContentsEList$FeatureIteratorImpl.hasNext()Z @ 166
Event: 6,107 Thread 0x00007f81b800e000 Uncommon trap: reason=bimorphic action=maybe_recompile pc=0x00007f81a853b9a8 method=org.eclipse.emf.ecore.util.EContentsEList$FeatureIteratorImpl.hasNext()Z @ 166
Event: 6,108 Thread 0x00007f81b800e000 Uncommon trap: reason=bimorphic action=maybe_recompile pc=0x00007f81a853b9a8 method=org.eclipse.emf.ecore.util.EContentsEList$FeatureIteratorImpl.hasNext()Z @ 166
Event: 6,108 Thread 0x00007f81b800e000 Uncommon trap: reason=bimorphic action=maybe_recompile pc=0x00007f81a853b9a8 method=org.eclipse.emf.ecore.util.EContentsEList$FeatureIteratorImpl.hasNext()Z @ 166
Event: 6,108 Thread 0x00007f81b800e000 Uncommon trap: reason=class_check action=maybe_recompile pc=0x00007f81a84f7c50 method=org.eclipse.emf.ecore.impl.MinimalEObjectImpl.eDirectResource()Lorg/eclipse/emf/ecore/resource/Resource$Internal; @ 7
Event: 6,108 Thread 0x00007f81b800e000 Uncommon trap: reason=class_check action=maybe_recompile pc=0x00007f81a84f7c50 method=org.eclipse.emf.ecore.impl.MinimalEObjectImpl.eDirectResource()Lorg/eclipse/emf/ecore/resource/Resource$Internal; @ 7
Event: 6,108 Thread 0x00007f81b800e000 Uncommon trap: reason=class_check action=maybe_recompile pc=0x00007f81a84f7c50 method=org.eclipse.emf.ecore.impl.MinimalEObjectImpl.eDirectResource()Lorg/eclipse/emf/ecore/resource/Resource$Internal; @ 7
Event: 6,254 Thread 0x00007f81b800e000 Uncommon trap: reason=unstable_if action=reinterpret pc=0x00007f81a855c070 method=org.eclipse.emf.ecore.util.EContentsEList$FeatureIteratorImpl.next()Ljava/lang/Object; @ 5

Internal exceptions (10 events):
Event: 3,121 Thread 0x00007f81b800e000 Exception <a 'java/lang/ArrayIndexOutOfBoundsException'> (0x00000000ecc3d110) thrown at [/build/openjdk-8-pZyJp3/openjdk-8-8u131-b11/src/hotspot/src/share/vm/runtime/sharedRuntime.cpp, line 605]
Event: 3,223 Thread 0x00007f81b800e000 Exception <a 'java/lang/ArrayIndexOutOfBoundsException'> (0x00000000ececffa0) thrown at [/build/openjdk-8-pZyJp3/openjdk-8-8u131-b11/src/hotspot/src/share/vm/runtime/sharedRuntime.cpp, line 605]
Event: 3,224 Thread 0x00007f81b800e000 Exception <a 'java/lang/ArrayIndexOutOfBoundsException'> (0x00000000eced6748) thrown at [/build/openjdk-8-pZyJp3/openjdk-8-8u131-b11/src/hotspot/src/share/vm/runtime/sharedRuntime.cpp, line 605]
Event: 3,227 Thread 0x00007f81b800e000 Exception <a 'java/lang/ArrayIndexOutOfBoundsException'> (0x00000000eceff110) thrown at [/build/openjdk-8-pZyJp3/openjdk-8-8u131-b11/src/hotspot/src/share/vm/runtime/sharedRuntime.cpp, line 605]
Event: 3,252 Thread 0x00007f81b800e000 Exception <a 'java/lang/ArrayIndexOutOfBoundsException'> (0x00000000ebfaca98) thrown at [/build/openjdk-8-pZyJp3/openjdk-8-8u131-b11/src/hotspot/src/share/vm/runtime/sharedRuntime.cpp, line 605]
Event: 3,266 Thread 0x00007f81b800e000 Exception <a 'java/lang/ArrayIndexOutOfBoundsException'> (0x00000000ebfce2c8) thrown at [/build/openjdk-8-pZyJp3/openjdk-8-8u131-b11/src/hotspot/src/share/vm/runtime/sharedRuntime.cpp, line 605]
Event: 3,266 Thread 0x00007f81b800e000 Exception <a 'java/lang/ArrayIndexOutOfBoundsException'> (0x00000000ebfd0460) thrown at [/build/openjdk-8-pZyJp3/openjdk-8-8u131-b11/src/hotspot/src/share/vm/runtime/sharedRuntime.cpp, line 605]
Event: 3,267 Thread 0x00007f81b800e000 Exception <a 'java/lang/ArrayIndexOutOfBoundsException'> (0x00000000ebfd1db8) thrown at [/build/openjdk-8-pZyJp3/openjdk-8-8u131-b11/src/hotspot/src/share/vm/runtime/sharedRuntime.cpp, line 605]
Event: 3,280 Thread 0x00007f81b800e000 Exception <a 'java/lang/ArrayIndexOutOfBoundsException'> (0x00000000ebffc088) thrown at [/build/openjdk-8-pZyJp3/openjdk-8-8u131-b11/src/hotspot/src/share/vm/runtime/sharedRuntime.cpp, line 605]
Event: 3,285 Thread 0x00007f81b800e000 Exception <a 'java/lang/ArrayIndexOutOfBoundsException'> (0x00000000ec0f7928) thrown at [/build/openjdk-8-pZyJp3/openjdk-8-8u131-b11/src/hotspot/src/share/vm/runtime/sharedRuntime.cpp, line 605]

Events (10 events):
Event: 7,444 loading class com/google/common/collect/RegularImmutableBiMap done
Event: 7,465 loading class com/google/common/collect/EmptyImmutableBiMap
Event: 7,465 loading class com/google/common/collect/EmptyImmutableBiMap done
Event: 7,470 loading class com/google/common/collect/ImmutableBiMap$Builder
Event: 7,470 loading class com/google/common/collect/ImmutableBiMap$Builder done
Event: 7,471 loading class com/google/common/collect/Maps
Event: 7,471 loading class com/google/common/collect/Maps done
Event: 7,474 loading class com/google/common/collect/MapDifference
Event: 7,474 loading class com/google/common/collect/MapDifference done
Event: 7,474 Executing VM operation: ParallelGCFailedAllocation


Dynamic libraries:
00400000-00401000 r-xp 00000000 08:02 22162983                           /usr/lib/jvm/java-8-openjdk-amd64/jre/bin/java
00600000-00601000 r--p 00000000 08:02 22162983                           /usr/lib/jvm/java-8-openjdk-amd64/jre/bin/java
00601000-00602000 rw-p 00001000 08:02 22162983                           /usr/lib/jvm/java-8-openjdk-amd64/jre/bin/java
009e4000-00a05000 rw-p 00000000 00:00 0                                  [heap]
c3e00000-c8e00000 rw-p 00000000 00:00 0 
c8e00000-ebf80000 ---p 00000000 00:00 0 
ebf80000-f0280000 rw-p 00000000 00:00 0 
f7d80000-100000000 ---p 00000000 00:00 0 
100000000-100260000 rw-p 00000000 00:00 0 
100260000-140000000 ---p 00000000 00:00 0 
7f8160000000-7f8160021000 rw-p 00000000 00:00 0 
7f8160021000-7f8164000000 ---p 00000000 00:00 0 
7f8164000000-7f8164021000 rw-p 00000000 00:00 0 
7f8164021000-7f8168000000 ---p 00000000 00:00 0 
7f8168000000-7f8168021000 rw-p 00000000 00:00 0 
7f8168021000-7f816c000000 ---p 00000000 00:00 0 
7f816c000000-7f816c021000 rw-p 00000000 00:00 0 
7f816c021000-7f8170000000 ---p 00000000 00:00 0 
7f8170000000-7f8171511000 rw-p 00000000 00:00 0 
7f8171511000-7f8174000000 ---p 00000000 00:00 0 
7f8174000000-7f817482f000 rw-p 00000000 00:00 0 
7f817482f000-7f8178000000 ---p 00000000 00:00 0 
7f8178000000-7f8178021000 rw-p 00000000 00:00 0 
7f8178021000-7f817c000000 ---p 00000000 00:00 0 
7f817c000000-7f817d189000 rw-p 00000000 00:00 0 
7f817d189000-7f8180000000 ---p 00000000 00:00 0 
7f8180000000-7f8180021000 rw-p 00000000 00:00 0 
7f8180021000-7f8184000000 ---p 00000000 00:00 0 
7f8184000000-7f8184021000 rw-p 00000000 00:00 0 
7f8184021000-7f8188000000 ---p 00000000 00:00 0 
7f8188000000-7f8188021000 rw-p 00000000 00:00 0 
7f8188021000-7f818c000000 ---p 00000000 00:00 0 
7f818c000000-7f818c021000 rw-p 00000000 00:00 0 
7f818c021000-7f8190000000 ---p 00000000 00:00 0 
7f8190000000-7f8190021000 rw-p 00000000 00:00 0 
7f8190021000-7f8194000000 ---p 00000000 00:00 0 
7f8198000000-7f8198021000 rw-p 00000000 00:00 0 
7f8198021000-7f819c000000 ---p 00000000 00:00 0 
7f819dc8b000-7f819dc92000 r--s 00000000 08:02 22287495                   /usr/lib/x86_64-linux-gnu/gconv/gconv-modules.cache
7f819dc92000-7f819dcb8000 r--p 00000000 08:02 1444669                    /usr/share/locale-langpack/fr/LC_MESSAGES/libc.mo
7f819dcb8000-7f819dd38000 rw-p 00000000 00:00 0 
7f819dd38000-7f819deb8000 ---p 00000000 00:00 0 
7f819deb8000-7f819e0b8000 rw-p 00000000 00:00 0 
7f819e0b8000-7f819e2b8000 rw-p 00000000 00:00 0 
7f819e2b8000-7f819e4b8000 rw-p 00000000 00:00 0 
7f819e4b8000-7f819e4bb000 ---p 00000000 00:00 0 
7f819e4bb000-7f819e7b9000 rw-p 00000000 00:00 0 
7f819e7b9000-7f819e7bc000 ---p 00000000 00:00 0 
7f819e7bc000-7f819e8ba000 rw-p 00000000 00:00 0 
7f819e8ba000-7f819e8bc000 r--s 0000e000 08:02 19268640                   /home/koko/.m2/repository/commons-logging/commons-logging/1.1.3/commons-logging-1.1.3.jar
7f819e8bc000-7f819e8c2000 r--s 0003f000 08:02 19268622                   /home/koko/.m2/repository/org/apache/httpcomponents/httpcore/4.3.2/httpcore-4.3.2.jar
7f819e8c2000-7f819e8ce000 r--s 00085000 08:02 19269162                   /home/koko/.m2/repository/org/apache/httpcomponents/httpclient/4.3.5/httpclient-4.3.5.jar
7f819e8ce000-7f819e8d1000 r--s 0001b000 08:02 18222255                   /home/koko/.m2/repository/xpp3/xpp3/1.1.4c/xpp3-1.1.4c.jar
7f819e8d1000-7f819e8d4000 r--s 00006000 08:02 16784152                   /home/koko/.m2/repository/com/google/code/findbugs/jsr305/1.3.9/jsr305-1.3.9.jar
7f819e8d4000-7f819e8dc000 r--s 00041000 08:02 19269160                   /home/koko/.m2/repository/com/google/http-client/google-http-client/1.16.0-rc/google-http-client-1.16.0-rc.jar
7f819e8dc000-7f819e8de000 r--s 0001f000 08:02 19269158                   /home/koko/.m2/repository/org/mortbay/jetty/servlet-api/2.5-20081211/servlet-api-2.5-20081211.jar
7f819e8de000-7f819e8e2000 r--s 00028000 08:02 19011570                   /home/koko/.m2/repository/org/mortbay/jetty/jetty-util/6.1.26/jetty-util-6.1.26.jar
7f819e8e2000-7f819e8e9000 r--s 0007d000 08:02 17828022                   /home/koko/.m2/repository/org/mortbay/jetty/jetty/6.1.26/jetty-6.1.26.jar
7f819e8e9000-7f819e8ea000 r--s 00001000 08:02 19269156                   /home/koko/.m2/repository/com/google/oauth-client/google-oauth-client-jetty/1.16.0-rc/google-oauth-client-jetty-1.16.0-rc.jar
7f819e8ea000-7f819e8ec000 r--s 0000e000 08:02 19269154                   /home/koko/.m2/repository/com/google/oauth-client/google-oauth-client/1.16.0-rc/google-oauth-client-1.16.0-rc.jar
7f819e8ec000-7f819e8ee000 r--s 00002000 08:02 19269152                   /home/koko/.m2/repository/com/google/oauth-client/google-oauth-client-java6/1.16.0-rc/google-oauth-client-java6-1.16.0-rc.jar
7f819e8ee000-7f819e916000 r--s 001cf000 08:02 17041460                   /home/koko/.m2/repository/com/google/guava/guava-jdk5/17.0/guava-jdk5-17.0.jar
7f819e916000-7f819e91a000 r--s 0002f000 08:02 19269149                   /home/koko/.m2/repository/com/fasterxml/jackson/core/jackson-core/2.1.3/jackson-core-2.1.3.jar
7f819e91a000-7f819e91b000 r--s 00001000 08:02 19269147                   /home/koko/.m2/repository/com/google/http-client/google-http-client-jackson2/1.22.0/google-http-client-jackson2-1.22.0.jar
7f819e91b000-7f819e920000 r--s 0002c000 08:02 19011568                   /home/koko/.m2/repository/com/google/api-client/google-api-client/1.22.0/google-api-client-1.22.0.jar
7f819e920000-7f819e926000 r--s 00020000 08:02 18750530                   /home/koko/.m2/repository/com/google/apis/google-api-services-sheets/v4-rev38-1.22.0/google-api-services-sheets-v4-rev38-1.22.0.jar
7f819e926000-7f819e92c000 r--s 00033000 08:02 18481207                   /home/koko/.m2/repository/commons-codec/commons-codec/1.6/commons-codec-1.6.jar
7f819e92c000-7f819e932000 r--s 00039000 08:02 18354306                   /home/koko/.m2/repository/org/yaml/snakeyaml/1.8/snakeyaml-1.8.jar
7f819e932000-7f819e933000 r--s 00000000 08:02 17828020                   /home/koko/.m2/repository/net/jcip/jcip-annotations/1.0/jcip-annotations-1.0.jar
7f819e933000-7f819e941000 r--s 000eb000 08:02 17828015                   /home/koko/.m2/repository/org/seleniumhq/selenium/jetty-repacked/7.6.1/jetty-repacked-7.6.1.jar
7f819e941000-7f819e944000 r--s 0001e000 08:02 17439206                   /home/koko/.m2/repository/org/mortbay/jetty/servlet-api-2.5/6.1.9/servlet-api-2.5-6.1.9.jar
7f819e944000-7f819e94f000 r--s 0006f000 08:02 17439204                   /home/koko/.m2/repository/mx4j/mx4j-tools/3.0.1/mx4j-tools-3.0.1.jar
7f819e94f000-7f819e95b000 r--s 00072000 08:02 17439202                   /home/koko/.m2/repository/org/bouncycastle/bcpkix-jdk15on/1.47/bcpkix-jdk15on-1.47.jar
7f819e95b000-7f819e988000 r--s 001bb000 08:02 17439200                   /home/koko/.m2/repository/org/bouncycastle/bcprov-jdk15on/1.47/bcprov-jdk15on-1.47.jar
7f819e988000-7f819e9a0000 r--s 0021e000 08:02 17439198                   /home/koko/.m2/repository/org/seleniumhq/selenium/selenium-server/2.25.0/selenium-server-2.25.0.jar
7f819e9a0000-7f819e9a4000 r--s 000dc000 08:02 17041458                   /home/koko/.m2/repository/net/java/dev/jna/jna/4.1.0/jna-4.1.0.jar
7f819e9a4000-7f819e9b5000 r--s 00155000 08:02 17041456                   /home/koko/.m2/repository/net/java/dev/jna/jna-platform/4.1.0/jna-platform-4.1.0.jar
7f819e9b5000-7f819e9e1000 r--s 00208000 08:02 16913323                   /home/koko/.m2/repository/com/google/guava/guava/19.0/guava-19.0.jar
7f819e9e1000-7f819e9e3000 r--s 0000c000 08:02 16913321                   /home/koko/.m2/repository/org/apache/commons/commons-exec/1.3/commons-exec-1.3.jar
7f819e9e3000-7f819e9ea000 r--s 0004f000 08:02 16913319                   /home/koko/.m2/repository/cglib/cglib-nodep/3.2.4/cglib-nodep-3.2.4.jar
7f819e9ea000-7f819e9ee000 r--s 00014000 08:02 16913317                   /home/koko/.m2/repository/org/seleniumhq/selenium/selenium-api/3.0.1/selenium-api-3.0.1.jar
7f819e9ee000-7f819e9f4000 r--s 00046000 08:02 16913315                   /home/koko/.m2/repository/org/seleniumhq/selenium/selenium-remote-driver/3.0.1/selenium-remote-driver-3.0.1.jar
7f819e9f4000-7f819e9f5000 r--s 000ba000 08:02 17041454                   /home/koko/.m2/repository/org/seleniumhq/selenium/selenium-firefox-driver/3.0.1/selenium-firefox-driver-3.0.1.jar
7f819e9f5000-7f819e9f7000 r--s 00009000 08:02 17439196                   /home/koko/.m2/repository/org/eclipse/jetty/websocket/websocket-api/9.2.15.v20160210/websocket-api-9.2.15.v20160210.jar
7f819e9f7000-7f819e9fc000 r--s 00028000 08:02 17439194                   /home/koko/.m2/repository/org/eclipse/jetty/websocket/websocket-common/9.2.15.v20160210/websocket-common-9.2.15.v20160210.jar
7f819e9fc000-7f819e9ff000 r--s 00018000 08:02 17439192                   /home/koko/.m2/repository/org/eclipse/jetty/jetty-io/9.2.15.v20160210/jetty-io-9.2.15.v20160210.jar
7f819e9ff000-7f819ea05000 r--s 00054000 08:02 17439190                   /home/koko/.m2/repository/org/eclipse/jetty/jetty-util/9.2.15.v20160210/jetty-util-9.2.15.v20160210.jar
7f819ea05000-7f819ea06000 r--s 00008000 08:02 17439188                   /home/koko/.m2/repository/org/eclipse/jetty/websocket/websocket-client/9.2.15.v20160210/websocket-client-9.2.15.v20160210.jar
7f819ea06000-7f819ea07000 r--s 00002000 08:02 16654364                   /home/koko/.m2/repository/com/codeborne/phantomjsdriver/1.3.0/phantomjsdriver-1.3.0.jar
7f819ea07000-7f819ea0b000 r--s 0002f000 08:02 17305323                   /home/koko/.m2/repository/commons-io/commons-io/2.5/commons-io-2.5.jar
7f819ea0b000-7f819ea0c000 r--s 00003000 08:02 17305332                   /home/koko/.m2/repository/org/w3c/css/sac/1.3/sac-1.3.jar
7f819ea0c000-7f819ea10000 r--s 00059000 08:02 17305330                   /home/koko/.m2/repository/net/sourceforge/cssparser/cssparser/0.9.20/cssparser-0.9.20.jar
7f819ea10000-7f819ea19000 r--s 0002d000 08:02 17305328                   /home/koko/.m2/repository/xml-apis/xml-apis/1.4.01/xml-apis-1.4.01.jar
7f819ea19000-7f819ea32000 r--s 00135000 08:02 17172868                   /home/koko/.m2/repository/xerces/xercesImpl/2.11.0/xercesImpl-2.11.0.jar
7f819ea32000-7f819ea35000 r--s 0001c000 08:02 17172866                   /home/koko/.m2/repository/net/sourceforge/htmlunit/neko-htmlunit/2.23/neko-htmlunit-2.23.jar
7f819ea35000-7f819ea44000 r--s 0011b000 08:02 17172864                   /home/koko/.m2/repository/net/sourceforge/htmlunit/htmlunit-core-js/2.23/htmlunit-core-js-2.23.jar
7f819ea44000-7f819ea46000 r--s 00009000 08:02 16913313                   /home/koko/.m2/repository/org/apache/httpcomponents/httpmime/4.5.2/httpmime-4.5.2.jar
7f819ea46000-7f819ea4d000 r--s 00064000 08:02 17172862                   /home/koko/.m2/repository/org/apache/commons/commons-lang3/3.4/commons-lang3-3.4.jar
7f819ea4d000-7f819ea51000 r--s 00040000 08:02 17172860                   /home/koko/.m2/repository/xalan/serializer/2.7.2/serializer-2.7.2.jar
7f819ea51000-7f819ea76000 r--s 002de000 08:02 17172858                   /home/koko/.m2/repository/xalan/xalan/2.7.2/xalan-2.7.2.jar
7f819ea76000-7f819ea9c000 r--s 001a7000 08:02 17172856                   /home/koko/.m2/repository/net/sourceforge/htmlunit/htmlunit/2.23/htmlunit-2.23.jar
7f819ea9c000-7f819eaa1000 r--s 00025000 08:02 17041452                   /home/koko/.m2/repository/org/seleniumhq/selenium/selenium-support/3.0.1/selenium-support-3.0.1.jar
7f819eaa1000-7f819eab7000 r--s 000f9000 08:02 17041450                   /home/koko/.m2/repository/io/netty/netty/3.5.7.Final/netty-3.5.7.Final.jar
7f819eab7000-7f819eab9000 r--s 00008000 08:02 17041448                   /home/koko/.m2/repository/org/seleniumhq/selenium/selenium-safari-driver/3.0.1/selenium-safari-driver-3.0.1.jar
7f819eab9000-7f819eaba000 r--s 00001000 08:02 17041446                   /home/koko/.m2/repository/org/seleniumhq/selenium/selenium-opera-driver/3.0.1/selenium-opera-driver-3.0.1.jar
7f819eaba000-7f819eabb000 r--s 00002000 08:02 17041444                   /home/koko/.m2/repository/org/seleniumhq/selenium/selenium-ie-driver/3.0.1/selenium-ie-driver-3.0.1.jar
7f819eabb000-7f819eabc000 r--s 00001000 08:02 17041439                   /home/koko/.m2/repository/org/seleniumhq/selenium/selenium-edge-driver/3.0.1/selenium-edge-driver-3.0.1.jar
7f819eabc000-7f819eabd000 r--s 00002000 08:02 16913311                   /home/koko/.m2/repository/org/seleniumhq/selenium/selenium-chrome-driver/3.0.1/selenium-chrome-driver-3.0.1.jar
7f819eabd000-7f819eabe000 r--s 00000000 08:02 16913309                   /home/koko/.m2/repository/org/seleniumhq/selenium/selenium-java/3.0.1/selenium-java-3.0.1.jar
7f819eabe000-7f819eac5000 r--s 0004e000 08:02 16784148                   /home/koko/.m2/repository/org/jsoup/jsoup/1.10.1/jsoup-1.10.1.jar
7f819eac5000-7f819eac6000 r--s 00004000 08:02 16784146                   /home/koko/.m2/repository/net/sf/opencsv/opencsv/2.3/opencsv-2.3.jar
7f819eac6000-7f819eacc000 r--s 00033000 08:02 16784144                   /home/koko/.m2/repository/com/google/code/gson/gson/2.6.2/gson-2.6.2.jar
7f819eacc000-7f819eacd000 r--s 00007000 08:02 15864054                   /home/koko/Thesis-JHipster-master/Dependencies/REngine.jar
7f819eacd000-7f819eb40000 rw-p 00000000 00:00 0 
7f819eb40000-7f819ee14000 r--s 04320000 08:02 15864049                   /home/koko/Thesis-JHipster-master/Dependencies/FAMILIAR-Standalone-1.0.10-jar-with-dependencies.jar
7f819ee14000-7f819ee15000 ---p 00000000 00:00 0 
7f819ee15000-7f819ef15000 rw-p 00000000 00:00 0 
7f819ef15000-7f819ef18000 ---p 00000000 00:00 0 
7f819ef18000-7f819f016000 rw-p 00000000 00:00 0 
7f819f016000-7f819f019000 ---p 00000000 00:00 0 
7f819f019000-7f819f117000 rw-p 00000000 00:00 0 
7f819f117000-7f819f11a000 ---p 00000000 00:00 0 
7f819f11a000-7f819f218000 rw-p 00000000 00:00 0 
7f819f218000-7f819f21b000 ---p 00000000 00:00 0 
7f819f21b000-7f819f319000 rw-p 00000000 00:00 0 
7f819f319000-7f819f31c000 ---p 00000000 00:00 0 
7f819f31c000-7f819f41a000 rw-p 00000000 00:00 0 
7f819f41a000-7f819f6f7000 r--p 00000000 08:02 22022873                   /usr/lib/locale/locale-archive
7f819f6f7000-7f819f6fa000 ---p 00000000 00:00 0 
7f819f6fa000-7f819f7f8000 rw-p 00000000 00:00 0 
7f819f7f8000-7f819f7fb000 ---p 00000000 00:00 0 
7f819f7fb000-7f819f8f9000 rw-p 00000000 00:00 0 
7f819f8f9000-7f819f8fa000 ---p 00000000 00:00 0 
7f819f8fa000-7f81a0000000 rw-p 00000000 00:00 0 
7f81a0000000-7f81a0021000 rw-p 00000000 00:00 0 
7f81a0021000-7f81a4000000 ---p 00000000 00:00 0 
7f81a4000000-7f81a4001000 r--s 00002000 08:02 15864053                   /home/koko/Thesis-JHipster-master/Dependencies/JRIEngine.jar
7f81a4001000-7f81a4003000 r--s 00003000 08:02 15864052                   /home/koko/Thesis-JHipster-master/Dependencies/JRI.jar
7f81a4003000-7f81a4016000 r--s 000df000 08:02 16127054                   /home/koko/Thesis-JHipster-master/Dependencies/no.sintef.ict.splcatool/tools/commons-math-2.2.jar
7f81a4016000-7f81a4018000 r--s 00001000 08:02 15997258                   /home/koko/Thesis-JHipster-master/Dependencies/SPLAR/resources/lib/opencsv-1.8.jar
7f81a4018000-7f81a401d000 r--s 00024000 08:02 15997255                   /home/koko/Thesis-JHipster-master/Dependencies/SPLAR/resources/lib/gson-1.6.jar
7f81a401d000-7f81a4021000 r--s 00022000 08:02 15997259                   /home/koko/Thesis-JHipster-master/Dependencies/SPLAR/resources/lib/org.sat4j.core.jar
7f81a4021000-7f81a4024000 r--s 00014000 08:02 15997257                   /home/koko/Thesis-JHipster-master/Dependencies/SPLAR/resources/lib/junit.jar
7f81a4024000-7f81a4028000 r--s 00056000 08:02 15997256                   /home/koko/Thesis-JHipster-master/Dependencies/SPLAR/resources/lib/javabdd.jar
7f81a4028000-7f81a402c000 r--s 00021000 08:02 15997496                   /home/koko/Thesis-JHipster-master/Dependencies/de.ovgu.featureide.fm.core/lib/jakarta.jar
7f81a402c000-7f81a4033000 r--s 00048000 08:02 15997495                   /home/koko/Thesis-JHipster-master/Dependencies/de.ovgu.featureide.fm.core/lib/guidsl.jar
7f81a4033000-7f81a4038000 r--s 00023000 08:02 15997497                   /home/koko/Thesis-JHipster-master/Dependencies/de.ovgu.featureide.fm.core/lib/org.sat4j.core.jar
7f81a4038000-7f81a403a000 r--s 0000c000 08:02 18093819                   /home/koko/.p2/pool/plugins/org.hamcrest.core_1.3.0.v201303031735.jar
7f81a403a000-7f81a4041000 r--s 00037000 08:02 18222577                   /home/koko/.p2/pool/plugins/org.junit_4.12.0.v201504281640/junit.jar
7f81a4041000-7f81a4045000 r--s 00060000 08:02 15864050                   /home/koko/Thesis-JHipster-master/Dependencies/FAMILIAR-Test-1.0.10.jar
7f81a4045000-7f81a404a000 r--s 002f9000 08:02 22162952                   /usr/lib/jvm/java-8-openjdk-amd64/jre/lib/charsets.jar
7f81a404a000-7f81a404d000 r--s 00015000 08:02 22162970                   /usr/lib/jvm/java-8-openjdk-amd64/jre/lib/jce.jar
7f81a404d000-7f81a4052000 r--s 0009a000 08:02 22162910                   /usr/lib/jvm/java-8-openjdk-amd64/jre/lib/jsse.jar
7f81a4052000-7f81a4065000 r--s 00346000 08:02 22162948                   /usr/lib/jvm/java-8-openjdk-amd64/jre/lib/resources.jar
7f81a4065000-7f81a406f000 r--s 00116000 08:02 22153975                   /usr/lib/jvm/java-8-openjdk-amd64/jre/lib/ext/localedata.jar
7f81a406f000-7f81a408a000 r--s 001d6000 08:02 22153974                   /usr/lib/jvm/java-8-openjdk-amd64/jre/lib/ext/nashorn.jar
7f81a408a000-7f81a40a5000 r--s 00394000 08:02 22153973                   /usr/lib/jvm/java-8-openjdk-amd64/jre/lib/ext/cldrdata.jar
7f81a40a5000-7f81a4a53000 rw-p 00000000 00:00 0 
7f81a4a53000-7f81a4c21000 r--s 03c13000 08:02 22153279                   /usr/lib/jvm/java-8-openjdk-amd64/jre/lib/rt.jar
7f81a4c21000-7f81a7488000 rw-p 00000000 00:00 0 
7f81a7488000-7f81a7489000 ---p 00000000 00:00 0 
7f81a7489000-7f81a7589000 rw-p 00000000 00:00 0 
7f81a7589000-7f81a758a000 ---p 00000000 00:00 0 
7f81a758a000-7f81a768a000 rw-p 00000000 00:00 0 
7f81a768a000-7f81a768b000 ---p 00000000 00:00 0 
7f81a768b000-7f81a778b000 rw-p 00000000 00:00 0 
7f81a778b000-7f81a778c000 ---p 00000000 00:00 0 
7f81a778c000-7f81a78b4000 rw-p 00000000 00:00 0 
7f81a78b4000-7f81a79cd000 ---p 00000000 00:00 0 
7f81a79cd000-7f81a79f5000 rw-p 00000000 00:00 0 
7f81a79f5000-7f81a7b0d000 ---p 00000000 00:00 0 
7f81a7b0d000-7f81a7b30000 rw-p 00000000 00:00 0 
7f81a7b30000-7f81a7bae000 ---p 00000000 00:00 0 
7f81a7bae000-7f81a7bc8000 rw-p 00000000 00:00 0 
7f81a7bc8000-7f81a7f6f000 ---p 00000000 00:00 0 
7f81a7f6f000-7f81a859f000 rwxp 00000000 00:00 0 
7f81a859f000-7f81b6f6f000 ---p 00000000 00:00 0 
7f81b6f6f000-7f81b6f77000 r-xp 00000000 08:02 22162923                   /usr/lib/jvm/java-8-openjdk-amd64/jre/lib/amd64/libzip.so
7f81b6f77000-7f81b7176000 ---p 00008000 08:02 22162923                   /usr/lib/jvm/java-8-openjdk-amd64/jre/lib/amd64/libzip.so
7f81b7176000-7f81b7177000 r--p 00007000 08:02 22162923                   /usr/lib/jvm/java-8-openjdk-amd64/jre/lib/amd64/libzip.so
7f81b7177000-7f81b7178000 rw-p 00008000 08:02 22162923                   /usr/lib/jvm/java-8-openjdk-amd64/jre/lib/amd64/libzip.so
7f81b7178000-7f81b7183000 r-xp 00000000 08:02 13631575                   /lib/x86_64-linux-gnu/libnss_files-2.23.so
7f81b7183000-7f81b7382000 ---p 0000b000 08:02 13631575                   /lib/x86_64-linux-gnu/libnss_files-2.23.so
7f81b7382000-7f81b7383000 r--p 0000a000 08:02 13631575                   /lib/x86_64-linux-gnu/libnss_files-2.23.so
7f81b7383000-7f81b7384000 rw-p 0000b000 08:02 13631575                   /lib/x86_64-linux-gnu/libnss_files-2.23.so
7f81b7384000-7f81b738a000 rw-p 00000000 00:00 0 
7f81b738a000-7f81b7395000 r-xp 00000000 08:02 13631578                   /lib/x86_64-linux-gnu/libnss_nis-2.23.so
7f81b7395000-7f81b7594000 ---p 0000b000 08:02 13631578                   /lib/x86_64-linux-gnu/libnss_nis-2.23.so
7f81b7594000-7f81b7595000 r--p 0000a000 08:02 13631578                   /lib/x86_64-linux-gnu/libnss_nis-2.23.so
7f81b7595000-7f81b7596000 rw-p 0000b000 08:02 13631578                   /lib/x86_64-linux-gnu/libnss_nis-2.23.so
7f81b7596000-7f81b75ac000 r-xp 00000000 08:02 13631571                   /lib/x86_64-linux-gnu/libnsl-2.23.so
7f81b75ac000-7f81b77ab000 ---p 00016000 08:02 13631571                   /lib/x86_64-linux-gnu/libnsl-2.23.so
7f81b77ab000-7f81b77ac000 r--p 00015000 08:02 13631571                   /lib/x86_64-linux-gnu/libnsl-2.23.so
7f81b77ac000-7f81b77ad000 rw-p 00016000 08:02 13631571                   /lib/x86_64-linux-gnu/libnsl-2.23.so
7f81b77ad000-7f81b77af000 rw-p 00000000 00:00 0 
7f81b77af000-7f81b77b7000 r-xp 00000000 08:02 13631584                   /lib/x86_64-linux-gnu/libnss_compat-2.23.so
7f81b77b7000-7f81b79b6000 ---p 00008000 08:02 13631584                   /lib/x86_64-linux-gnu/libnss_compat-2.23.so
7f81b79b6000-7f81b79b7000 r--p 00007000 08:02 13631584                   /lib/x86_64-linux-gnu/libnss_compat-2.23.so
7f81b79b7000-7f81b79b8000 rw-p 00008000 08:02 13631584                   /lib/x86_64-linux-gnu/libnss_compat-2.23.so
7f81b79b8000-7f81b79e5000 r-xp 00000000 08:02 22162938                   /usr/lib/jvm/java-8-openjdk-amd64/jre/lib/amd64/libjava.so
7f81b79e5000-7f81b7be4000 ---p 0002d000 08:02 22162938                   /usr/lib/jvm/java-8-openjdk-amd64/jre/lib/amd64/libjava.so
7f81b7be4000-7f81b7be5000 r--p 0002c000 08:02 22162938                   /usr/lib/jvm/java-8-openjdk-amd64/jre/lib/amd64/libjava.so
7f81b7be5000-7f81b7be7000 rw-p 0002d000 08:02 22162938                   /usr/lib/jvm/java-8-openjdk-amd64/jre/lib/amd64/libjava.so
7f81b7be7000-7f81b7bf6000 r-xp 00000000 08:02 22162917                   /usr/lib/jvm/java-8-openjdk-amd64/jre/lib/amd64/libverify.so
7f81b7bf6000-7f81b7df5000 ---p 0000f000 08:02 22162917                   /usr/lib/jvm/java-8-openjdk-amd64/jre/lib/amd64/libverify.so
7f81b7df5000-7f81b7df7000 r--p 0000e000 08:02 22162917                   /usr/lib/jvm/java-8-openjdk-amd64/jre/lib/amd64/libverify.so
7f81b7df7000-7f81b7df8000 rw-p 00010000 08:02 22162917                   /usr/lib/jvm/java-8-openjdk-amd64/jre/lib/amd64/libverify.so
7f81b7df8000-7f81b7dff000 r-xp 00000000 08:02 13631580                   /lib/x86_64-linux-gnu/librt-2.23.so
7f81b7dff000-7f81b7ffe000 ---p 00007000 08:02 13631580                   /lib/x86_64-linux-gnu/librt-2.23.so
7f81b7ffe000-7f81b7fff000 r--p 00006000 08:02 13631580                   /lib/x86_64-linux-gnu/librt-2.23.so
7f81b7fff000-7f81b8000000 rw-p 00007000 08:02 13631580                   /lib/x86_64-linux-gnu/librt-2.23.so
7f81b8000000-7f81b8d28000 rw-p 00000000 00:00 0 
7f81b8d28000-7f81bc000000 ---p 00000000 00:00 0 
7f81bc000000-7f81bc004000 r--s 00037000 08:02 22153976                   /usr/lib/jvm/java-8-openjdk-amd64/jre/lib/ext/sunpkcs11.jar
7f81bc004000-7f81bc007000 r--s 0000f000 08:02 22153980                   /usr/lib/jvm/java-8-openjdk-amd64/jre/lib/ext/icedtea-sound.jar
7f81bc007000-7f81bc009000 r--s 00008000 08:02 22153981                   /usr/lib/jvm/java-8-openjdk-amd64/jre/lib/ext/sunec.jar
7f81bc009000-7f81bc01f000 r-xp 00000000 08:02 13636051                   /lib/x86_64-linux-gnu/libgcc_s.so.1
7f81bc01f000-7f81bc21e000 ---p 00016000 08:02 13636051                   /lib/x86_64-linux-gnu/libgcc_s.so.1
7f81bc21e000-7f81bc21f000 rw-p 00015000 08:02 13636051                   /lib/x86_64-linux-gnu/libgcc_s.so.1
7f81bc21f000-7f81bc327000 r-xp 00000000 08:02 13636031                   /lib/x86_64-linux-gnu/libm-2.23.so
7f81bc327000-7f81bc526000 ---p 00108000 08:02 13636031                   /lib/x86_64-linux-gnu/libm-2.23.so
7f81bc526000-7f81bc527000 r--p 00107000 08:02 13636031                   /lib/x86_64-linux-gnu/libm-2.23.so
7f81bc527000-7f81bc528000 rw-p 00108000 08:02 13636031                   /lib/x86_64-linux-gnu/libm-2.23.so
7f81bc528000-7f81bc69a000 r-xp 00000000 08:02 22029208                   /usr/lib/x86_64-linux-gnu/libstdc++.so.6.0.21
7f81bc69a000-7f81bc89a000 ---p 00172000 08:02 22029208                   /usr/lib/x86_64-linux-gnu/libstdc++.so.6.0.21
7f81bc89a000-7f81bc8a4000 r--p 00172000 08:02 22029208                   /usr/lib/x86_64-linux-gnu/libstdc++.so.6.0.21
7f81bc8a4000-7f81bc8a6000 rw-p 0017c000 08:02 22029208                   /usr/lib/x86_64-linux-gnu/libstdc++.so.6.0.21
7f81bc8a6000-7f81bc8aa000 rw-p 00000000 00:00 0 
7f81bc8aa000-7f81bd4fe000 r-xp 00000000 08:02 22162922                   /usr/lib/jvm/java-8-openjdk-amd64/jre/lib/amd64/server/libjvm.so
7f81bd4fe000-7f81bd6fe000 ---p 00c54000 08:02 22162922                   /usr/lib/jvm/java-8-openjdk-amd64/jre/lib/amd64/server/libjvm.so
7f81bd6fe000-7f81bd791000 r--p 00c54000 08:02 22162922                   /usr/lib/jvm/java-8-openjdk-amd64/jre/lib/amd64/server/libjvm.so
7f81bd791000-7f81bd7ba000 rw-p 00ce7000 08:02 22162922                   /usr/lib/jvm/java-8-openjdk-amd64/jre/lib/amd64/server/libjvm.so
7f81bd7ba000-7f81bd7ea000 rw-p 00000000 00:00 0 
7f81bd7ea000-7f81bd802000 r-xp 00000000 08:02 13631577                   /lib/x86_64-linux-gnu/libpthread-2.23.so
7f81bd802000-7f81bda01000 ---p 00018000 08:02 13631577                   /lib/x86_64-linux-gnu/libpthread-2.23.so
7f81bda01000-7f81bda02000 r--p 00017000 08:02 13631577                   /lib/x86_64-linux-gnu/libpthread-2.23.so
7f81bda02000-7f81bda03000 rw-p 00018000 08:02 13631577                   /lib/x86_64-linux-gnu/libpthread-2.23.so
7f81bda03000-7f81bda07000 rw-p 00000000 00:00 0 
7f81bda07000-7f81bda0a000 r-xp 00000000 08:02 13631583                   /lib/x86_64-linux-gnu/libdl-2.23.so
7f81bda0a000-7f81bdc09000 ---p 00003000 08:02 13631583                   /lib/x86_64-linux-gnu/libdl-2.23.so
7f81bdc09000-7f81bdc0a000 r--p 00002000 08:02 13631583                   /lib/x86_64-linux-gnu/libdl-2.23.so
7f81bdc0a000-7f81bdc0b000 rw-p 00003000 08:02 13631583                   /lib/x86_64-linux-gnu/libdl-2.23.so
7f81bdc0b000-7f81bdc24000 r-xp 00000000 08:02 13631493                   /lib/x86_64-linux-gnu/libz.so.1.2.8
7f81bdc24000-7f81bde23000 ---p 00019000 08:02 13631493                   /lib/x86_64-linux-gnu/libz.so.1.2.8
7f81bde23000-7f81bde24000 r--p 00018000 08:02 13631493                   /lib/x86_64-linux-gnu/libz.so.1.2.8
7f81bde24000-7f81bde25000 rw-p 00019000 08:02 13631493                   /lib/x86_64-linux-gnu/libz.so.1.2.8
7f81bde25000-7f81bdfe5000 r-xp 00000000 08:02 13636058                   /lib/x86_64-linux-gnu/libc-2.23.so
7f81bdfe5000-7f81be1e5000 ---p 001c0000 08:02 13636058                   /lib/x86_64-linux-gnu/libc-2.23.so
7f81be1e5000-7f81be1e9000 r--p 001c0000 08:02 13636058                   /lib/x86_64-linux-gnu/libc-2.23.so
7f81be1e9000-7f81be1eb000 rw-p 001c4000 08:02 13636058                   /lib/x86_64-linux-gnu/libc-2.23.so
7f81be1eb000-7f81be1ef000 rw-p 00000000 00:00 0 
7f81be1ef000-7f81be1fc000 r-xp 00000000 08:02 22162915                   /usr/lib/jvm/java-8-openjdk-amd64/jre/lib/amd64/jli/libjli.so
7f81be1fc000-7f81be3fc000 ---p 0000d000 08:02 22162915                   /usr/lib/jvm/java-8-openjdk-amd64/jre/lib/amd64/jli/libjli.so
7f81be3fc000-7f81be3fd000 r--p 0000d000 08:02 22162915                   /usr/lib/jvm/java-8-openjdk-amd64/jre/lib/amd64/jli/libjli.so
7f81be3fd000-7f81be3fe000 rw-p 0000e000 08:02 22162915                   /usr/lib/jvm/java-8-openjdk-amd64/jre/lib/amd64/jli/libjli.so
7f81be3fe000-7f81be424000 r-xp 00000000 08:02 13631572                   /lib/x86_64-linux-gnu/ld-2.23.so
7f81be424000-7f81be429000 r--s 0003b000 08:02 22153979                   /usr/lib/jvm/java-8-openjdk-amd64/jre/lib/ext/sunjce_provider.jar
7f81be429000-7f81be4fa000 rw-p 00000000 00:00 0 
7f81be4fa000-7f81be4fd000 ---p 00000000 00:00 0 
7f81be4fd000-7f81be600000 rw-p 00000000 00:00 0 
7f81be600000-7f81be601000 r--s 00010000 08:02 22154093                   /usr/lib/jvm/java-8-openjdk-amd64/jre/lib/ext/zipfs.jar
7f81be601000-7f81be602000 r--s 0000a000 08:02 22153978                   /usr/lib/jvm/java-8-openjdk-amd64/jre/lib/ext/jaccess.jar
7f81be602000-7f81be604000 r--s 00001000 08:02 22153977                   /usr/lib/jvm/java-8-openjdk-amd64/jre/lib/ext/dnsns.jar
7f81be604000-7f81be617000 rw-p 00000000 00:00 0 
7f81be617000-7f81be61f000 rw-s 00000000 08:02 14680363                   /tmp/hsperfdata_koko/5369
7f81be61f000-7f81be620000 rw-p 00000000 00:00 0 
7f81be620000-7f81be621000 ---p 00000000 00:00 0 
7f81be621000-7f81be623000 rw-p 00000000 00:00 0 
7f81be623000-7f81be624000 r--p 00025000 08:02 13631572                   /lib/x86_64-linux-gnu/ld-2.23.so
7f81be624000-7f81be625000 rw-p 00026000 08:02 13631572                   /lib/x86_64-linux-gnu/ld-2.23.so
7f81be625000-7f81be626000 rw-p 00000000 00:00 0 
7ffc210b6000-7ffc210d9000 rw-p 00000000 00:00 0                          [stack]
7ffc21137000-7ffc21139000 r--p 00000000 00:00 0                          [vvar]
7ffc21139000-7ffc2113b000 r-xp 00000000 00:00 0                          [vdso]
ffffffffff600000-ffffffffff601000 r-xp 00000000 00:00 0                  [vsyscall]

VM Arguments:
jvm_args: -Dfile.encoding=UTF-8 
java_command: JHipsterTest
java_class_path (initial): /usr/lib/jvm/java-8-openjdk-amd64/jre/lib/resources.jar:/usr/lib/jvm/java-8-openjdk-amd64/jre/lib/rt.jar:/usr/lib/jvm/java-8-openjdk-amd64/jre/lib/jsse.jar:/usr/lib/jvm/java-8-openjdk-amd64/jre/lib/jce.jar:/usr/lib/jvm/java-8-openjdk-amd64/jre/lib/charsets.jar:/usr/lib/jvm/java-8-openjdk-amd64/jre/lib/ext/dnsns.jar:/usr/lib/jvm/java-8-openjdk-amd64/jre/lib/ext/sunjce_provider.jar:/usr/lib/jvm/java-8-openjdk-amd64/jre/lib/ext/cldrdata.jar:/usr/lib/jvm/java-8-openjdk-amd64/jre/lib/ext/jaccess.jar:/usr/lib/jvm/java-8-openjdk-amd64/jre/lib/ext/sunec.jar:/usr/lib/jvm/java-8-openjdk-amd64/jre/lib/ext/icedtea-sound.jar:/usr/lib/jvm/java-8-openjdk-amd64/jre/lib/ext/nashorn.jar:/usr/lib/jvm/java-8-openjdk-amd64/jre/lib/ext/sunpkcs11.jar:/usr/lib/jvm/java-8-openjdk-amd64/jre/lib/ext/zipfs.jar:/usr/lib/jvm/java-8-openjdk-amd64/jre/lib/ext/localedata.jar:/home/koko/Thesis-JHipster-master/FML-brute/target/classes:/home/koko/Thesis-JHipster-master/Dependencies/FAMILIAR-Standalone-1.0.10-jar-with-dependencies.jar:/home/koko/Thesis-JHipster-master/Dependencies/FAMILIAR-Test-1.0.10.jar:/home/koko/.p2/pool/plugins/org.junit_4.12.0.v201504281640/junit.jar:/home/koko/.p2/pool/plugins/org.hamcrest.core_1.3.0.v201303031735.jar:/home/koko/Thesis-JHipster-master/Dependencies/no.sintef.ict.splcatool/bin:/home/koko/Thesis-JHipster-master/Dependencies/org.sat4j.core/bin:/home/koko/Thesis-JHipster-master/Dependencies/de.ovgu.featureide.fm.core/bin:/home/koko/Thesis-JHipster-master/Dependencies/de.ovgu.featureide.fm.core/lib/org.sat4j.core.jar:/home/koko/Thesis-JHipster-master/Dependencies/de.ovgu.featureide.fm.core/lib/guidsl.jar:/home/koko/Thesis-JHipster-master/Dependencies/de.ovgu.featureide.fm.core/lib/jakarta.jar:/home/koko/Thesis-JHipster-master/Dependencies/SPLAR/bin:/home/koko/Thesis-JHipster-master/Dependencies/SPLAR/resources/lib/javabdd.jar:/home/koko/Thesis-JHipster-master/Dependencies/SPLAR/resources/lib/junit.jar:/home/koko/Thesis-JHipster-master/Depe
Launcher Type: SUN_STANDARD

Environment Variables:
PATH=/home/koko/.local/share/umake/bin:/home/koko/bin:/home/koko/.local/bin:/usr/local/sbin:/usr/local/bin:/usr/sbin:/usr/bin:/sbin:/bin:/usr/games:/usr/local/games:/snap/bin
SHELL=/bin/bash
DISPLAY=:0

Signal Handlers:
SIGSEGV: [libjvm.so+0xa6ad10], sa_mask[0]=11111111011111111101111111111110, sa_flags=SA_RESTART|SA_SIGINFO
SIGBUS: [libjvm.so+0xa6ad10], sa_mask[0]=11111111011111111101111111111110, sa_flags=SA_RESTART|SA_SIGINFO
SIGFPE: [libjvm.so+0x8b3bc0], sa_mask[0]=11111111011111111101111111111110, sa_flags=SA_RESTART|SA_SIGINFO
SIGPIPE: [libjvm.so+0x8b3bc0], sa_mask[0]=11111111011111111101111111111110, sa_flags=SA_RESTART|SA_SIGINFO
SIGXFSZ: [libjvm.so+0x8b3bc0], sa_mask[0]=11111111011111111101111111111110, sa_flags=SA_RESTART|SA_SIGINFO
SIGILL: [libjvm.so+0x8b3bc0], sa_mask[0]=11111111011111111101111111111110, sa_flags=SA_RESTART|SA_SIGINFO
SIGUSR1: SIG_DFL, sa_mask[0]=00000000000000000000000000000000, sa_flags=none
SIGUSR2: [libjvm.so+0x8b3a70], sa_mask[0]=00100000000000000000000000000000, sa_flags=SA_RESTART|SA_SIGINFO
SIGHUP: [libjvm.so+0x8b3f40], sa_mask[0]=11111111011111111101111111111110, sa_flags=SA_RESTART|SA_SIGINFO
SIGINT: [libjvm.so+0x8b3f40], sa_mask[0]=11111111011111111101111111111110, sa_flags=SA_RESTART|SA_SIGINFO
SIGTERM: [libjvm.so+0x8b3f40], sa_mask[0]=11111111011111111101111111111110, sa_flags=SA_RESTART|SA_SIGINFO
SIGQUIT: [libjvm.so+0x8b3f40], sa_mask[0]=11111111011111111101111111111110, sa_flags=SA_RESTART|SA_SIGINFO


---------------  S Y S T E M  ---------------

OS:DISTRIB_ID=Ubuntu
DISTRIB_RELEASE=16.04
DISTRIB_CODENAME=xenial
DISTRIB_DESCRIPTION="Ubuntu 16.04.2 LTS"

uname:Linux 4.10.0-35-generic #39~16.04.1-Ubuntu SMP Wed Sep 13 09:02:42 UTC 2017 x86_64
libc:glibc 2.23 NPTL 2.23 
rlimit: STACK 8192k, CORE 0k, NPROC 15209, NOFILE 65536, AS infinity
load average:1,33 1,09 1,09

/proc/meminfo:
MemTotal:        3938212 kB
MemFree:          126936 kB
MemAvailable:      48224 kB
Buffers:             852 kB
Cached:           326748 kB
SwapCached:            0 kB
Active:          3340724 kB
Inactive:         299500 kB
Active(anon):    3314240 kB
Inactive(anon):   280276 kB
Active(file):      26484 kB
Inactive(file):    19224 kB
Unevictable:          72 kB
Mlocked:              72 kB
SwapTotal:             0 kB
SwapFree:              0 kB
Dirty:               148 kB
Writeback:             0 kB
AnonPages:       3313104 kB
Mapped:            90980 kB
Shmem:            281484 kB
Slab:              76116 kB
SReclaimable:      39340 kB
SUnreclaim:        36776 kB
KernelStack:        9968 kB
PageTables:        37732 kB
NFS_Unstable:          0 kB
Bounce:                0 kB
WritebackTmp:          0 kB
CommitLimit:     1969104 kB
Committed_AS:    7273844 kB
VmallocTotal:   34359738367 kB
VmallocUsed:           0 kB
VmallocChunk:          0 kB
HardwareCorrupted:     0 kB
AnonHugePages:   1310720 kB
ShmemHugePages:        0 kB
ShmemPmdMapped:        0 kB
CmaTotal:              0 kB
CmaFree:               0 kB
HugePages_Total:       0
HugePages_Free:        0
HugePages_Rsvd:        0
HugePages_Surp:        0
Hugepagesize:       2048 kB
DirectMap4k:       99072 kB
DirectMap2M:     2940928 kB
DirectMap1G:     2097152 kB


CPU:total 4 (initial active 4) (2 cores per cpu, 2 threads per core) family 6 model 69 stepping 1, cmov, cx8, fxsr, mmx, sse, sse2, sse3, ssse3, sse4.1, sse4.2, popcnt, avx, avx2, aes, clmul, erms, lzcnt, ht, tsc, tscinvbit, bmi1, bmi2

/proc/cpuinfo:
processor	: 0
vendor_id	: GenuineIntel
cpu family	: 6
model		: 69
model name	: Intel(R) Core(TM) i3-4010U CPU @ 1.70GHz
stepping	: 1
microcode	: 0x17
cpu MHz		: 1112.408
cache size	: 3072 KB
physical id	: 0
siblings	: 4
core id		: 0
cpu cores	: 2
apicid		: 0
initial apicid	: 0
fpu		: yes
fpu_exception	: yes
cpuid level	: 13
wp		: yes
flags		: fpu vme de pse tsc msr pae mce cx8 apic sep mtrr pge mca cmov pat pse36 clflush dts acpi mmx fxsr sse sse2 ss ht tm pbe syscall nx pdpe1gb rdtscp lm constant_tsc arch_perfmon pebs bts rep_good nopl xtopology nonstop_tsc aperfmperf pni pclmulqdq dtes64 monitor ds_cpl vmx est tm2 ssse3 sdbg fma cx16 xtpr pdcm pcid sse4_1 sse4_2 x2apic movbe popcnt tsc_deadline_timer aes xsave avx f16c rdrand lahf_lm abm epb tpr_shadow vnmi flexpriority ept vpid fsgsbase tsc_adjust bmi1 avx2 smep bmi2 erms invpcid xsaveopt dtherm arat pln pts
bugs		:
bogomips	: 3392.40
clflush size	: 64
cache_alignment	: 64
address sizes	: 39 bits physical, 48 bits virtual
power management:

processor	: 1
vendor_id	: GenuineIntel
cpu family	: 6
model		: 69
model name	: Intel(R) Core(TM) i3-4010U CPU @ 1.70GHz
stepping	: 1
microcode	: 0x17
cpu MHz		: 1224.468
cache size	: 3072 KB
physical id	: 0
siblings	: 4
core id		: 0
cpu cores	: 2
apicid		: 1
initial apicid	: 1
fpu		: yes
fpu_exception	: yes
cpuid level	: 13
wp		: yes
flags		: fpu vme de pse tsc msr pae mce cx8 apic sep mtrr pge mca cmov pat pse36 clflush dts acpi mmx fxsr sse sse2 ss ht tm pbe syscall nx pdpe1gb rdtscp lm constant_tsc arch_perfmon pebs bts rep_good nopl xtopology nonstop_tsc aperfmperf pni pclmulqdq dtes64 monitor ds_cpl vmx est tm2 ssse3 sdbg fma cx16 xtpr pdcm pcid sse4_1 sse4_2 x2apic movbe popcnt tsc_deadline_timer aes xsave avx f16c rdrand lahf_lm abm epb tpr_shadow vnmi flexpriority ept vpid fsgsbase tsc_adjust bmi1 avx2 smep bmi2 erms invpcid xsaveopt dtherm arat pln pts
bugs		:
bogomips	: 3392.40
clflush size	: 64
cache_alignment	: 64
address sizes	: 39 bits physical, 48 bits virtual
power management:

processor	: 2
vendor_id	: GenuineIntel
cpu family	: 6
model		: 69
model name	: Intel(R) Core(TM) i3-4010U CPU @ 1.70GHz
stepping	: 1
microcode	: 0x17
cpu MHz		: 834.228
cache size	: 3072 KB
physical id	: 0
siblings	: 4
core id		: 1
cpu cores	: 2
apicid		: 2
initial apicid	: 2
fpu		: yes
fpu_exception	: yes
cpuid level	: 13
wp		: yes
flags		: fpu vme de pse tsc msr pae mce cx8 apic sep mtrr pge mca cmov pat pse36 clflush dts acpi mmx fxsr sse sse2 ss ht tm pbe syscall nx pdpe1gb rdtscp lm constant_tsc arch_perfmon pebs bts rep_good nopl xtopology nonstop_tsc aperfmperf pni pclmulqdq dtes64 monitor ds_cpl vmx est tm2 ssse3 sdbg fma cx16 xtpr pdcm pcid sse4_1 sse4_2 x2apic movbe popcnt tsc_deadline_timer aes xsave avx f16c rdrand lahf_lm abm epb tpr_shadow vnmi flexpriority ept vpid fsgsbase tsc_adjust bmi1 avx2 smep bmi2 erms invpcid xsaveopt dtherm arat pln pts
bugs		:
bogomips	: 3392.40
clflush size	: 64
cache_alignment	: 64
address sizes	: 39 bits physical, 48 bits virtual
power management:

processor	: 3
vendor_id	: GenuineIntel
cpu family	: 6
model		: 69
model name	: Intel(R) Core(TM) i3-4010U CPU @ 1.70GHz
stepping	: 1
microcode	: 0x17
cpu MHz		: 1215.441
cache size	: 3072 KB
physical id	: 0
siblings	: 4
core id		: 1
cpu cores	: 2
apicid		: 3
initial apicid	: 3
fpu		: yes
fpu_exception	: yes
cpuid level	: 13
wp		: yes
flags		: fpu vme de pse tsc msr pae mce cx8 apic sep mtrr pge mca cmov pat pse36 clflush dts acpi mmx fxsr sse sse2 ss ht tm pbe syscall nx pdpe1gb rdtscp lm constant_tsc arch_perfmon pebs bts rep_good nopl xtopology nonstop_tsc aperfmperf pni pclmulqdq dtes64 monitor ds_cpl vmx est tm2 ssse3 sdbg fma cx16 xtpr pdcm pcid sse4_1 sse4_2 x2apic movbe popcnt tsc_deadline_timer aes xsave avx f16c rdrand lahf_lm abm epb tpr_shadow vnmi flexpriority ept vpid fsgsbase tsc_adjust bmi1 avx2 smep bmi2 erms invpcid xsaveopt dtherm arat pln pts
bugs		:
bogomips	: 3392.40
clflush size	: 64
cache_alignment	: 64
address sizes	: 39 bits physical, 48 bits virtual
power management:



Memory: 4k page, physical 3938212k(126936k free), swap 0k(0k free)

vm_info: OpenJDK 64-Bit Server VM (25.131-b11) for linux-amd64 JRE (1.8.0_131-8u131-b11-2ubuntu1.16.04.3-b11), built on Jul 28 2017 01:23:32 by "buildd" with gcc 5.4.0 20160609

time: Thu Oct 12 10:52:17 2017
elapsed time: 8 seconds (0d 0h 0m 8s)

